<?xml version="1.0" encoding="UTF-8"?>
<testng-results skipped="0" failed="0" total="1" passed="1">
  <reporter-output>
  </reporter-output>
  <suite name="Default suite" duration-ms="53449" started-at="2015-11-08T12:34:40Z" finished-at="2015-11-08T12:35:33Z">
    <groups>
    </groups>
    <test name="Default test" duration-ms="53449" started-at="2015-11-08T12:34:40Z" finished-at="2015-11-08T12:35:33Z">
      <class name="MainPageNavigationTestClass">
        <test-method status="PASS" signature="setUp()[pri:0, instance:MainPageNavigationTestClass@4df828d7]" name="setUp" is-config="true" duration-ms="35121" started-at="2015-11-08T15:34:40Z" finished-at="2015-11-08T15:35:15Z">
          <reporter-output>
          </reporter-output>
        </test-method> <!-- setUp -->
        <test-method status="PASS" signature="MainPageNavigation_NavigateToLearnHowPageIsValid_Test()[pri:0, instance:MainPageNavigationTestClass@4df828d7]" name="MainPageNavigation_NavigateToLearnHowPageIsValid_Test" duration-ms="15242" started-at="2015-11-08T15:35:15Z" finished-at="2015-11-08T15:35:30Z">
          <reporter-output>
          </reporter-output>
        </test-method> <!-- MainPageNavigation_NavigateToLearnHowPageIsValid_Test -->
        <test-method status="PASS" signature="tearDown()[pri:0, instance:MainPageNavigationTestClass@4df828d7]" name="tearDown" is-config="true" duration-ms="3022" started-at="2015-11-08T15:35:30Z" finished-at="2015-11-08T15:35:33Z">
          <reporter-output>
          </reporter-output>
        </test-method> <!-- tearDown -->
      </class> <!-- MainPageNavigationTestClass -->
    </test> <!-- Default test -->
  </suite> <!-- Default suite -->
</testng-results>
